#
# There is insufficient memory for the Java Runtime Environment to continue.
# Native memory allocation (malloc) failed to allocate 1048576 bytes for AllocateHeap
# Possible reasons:
#   The system is out of physical RAM or swap space
#   The process is running with CompressedOops enabled, and the Java Heap may be blocking the growth of the native heap
# Possible solutions:
#   Reduce memory load on the system
#   Increase physical memory or swap space
#   Check if swap backing store is full
#   Decrease Java heap size (-Xmx/-Xms)
#   Decrease number of Java threads
#   Decrease Java thread stack sizes (-Xss)
#   Set larger code cache with -XX:ReservedCodeCacheSize=
#   JVM is running with Unscaled Compressed Oops mode in which the Java heap is
#     placed in the first 4GB address space. The Java Heap base address is the
#     maximum limit for the native heap growth. Please use -XX:HeapBaseMinAddress
#     to set the Java Heap base and to place the Java Heap above 4GB virtual address.
# This output file may be truncated or incomplete.
#
#  Out of Memory Error (memory/allocation.inline.hpp:61), pid=15952, tid=0x000000000000469c
#
# JRE version:  (8.0_211-b12) (build )
# Java VM: Java HotSpot(TM) 64-Bit Server VM (25.211-b12 mixed mode windows-amd64 compressed oops)
# Failed to write core dump. Minidumps are not enabled by default on client versions of Windows
#

---------------  T H R E A D  ---------------

Current thread (0x0000000002b8e800):  JavaThread "Unknown thread" [_thread_in_vm, id=18076, stack(0x0000000002800000,0x0000000002900000)]

Stack: [0x0000000002800000,0x0000000002900000]
[error occurred during error reporting (printing stack bounds), id 0xc0000005]

Native frames: (J=compiled Java code, j=interpreted, Vv=VM code, C=native code)


---------------  P R O C E S S  ---------------

Java Threads: ( => current thread )

Other Threads:

=>0x0000000002b8e800 (exited) JavaThread "Unknown thread" [_thread_in_vm, id=18076, stack(0x0000000002800000,0x0000000002900000)]

VM state:not at safepoint (normal execution)

VM Mutex/Monitor currently owned by a thread: None

heap address: 0x00000000c1800000, size: 1000 MB, Compressed Oops mode: 32-bit
Narrow klass base: 0x0000000000000000, Narrow klass shift: 3
Compressed class space size: 1073741824 Address: 0x0000000100000000

Heap:
 PSYoungGen      total 18944K, used 327K [0x00000000eb300000, 0x00000000ec800000, 0x0000000100000000)
  eden space 16384K, 2% used [0x00000000eb300000,0x00000000eb351ec8,0x00000000ec300000)
  from space 2560K, 0% used [0x00000000ec580000,0x00000000ec580000,0x00000000ec800000)
  to   space 2560K, 0% used [0x00000000ec300000,0x00000000ec300000,0x00000000ec580000)
 ParOldGen       total 44032K, used 0K [0x00000000c1800000, 0x00000000c4300000, 0x00000000eb300000)
  object space 44032K, 0% used [0x00000000c1800000,0x00000000c1800000,0x00000000c4300000)
 Metaspace       used 786K, capacity 4480K, committed 4480K, reserved 1056768K
  class space    used 76K, capacity 384K, committed 384K, reserved 1048576K

Card table byte_map: [0x0000000012050000,0x0000000012250000] byte_map_base: 0x0000000011a44000

Marking Bits: (ParMarkBitMap*) 0x0000000064535ce0
 Begin Bits: [0x00000000127a0000, 0x0000000013740000)
 End Bits:   [0x0000000013740000, 0x00000000146e0000)

Polling page: 0x00000000007f0000

CodeCache: size=245760Kb used=328Kb max_used=328Kb free=245431Kb
 bounds [0x0000000002c90000, 0x0000000002f00000, 0x0000000011c90000]
 total_blobs=58 nmethods=0 adapters=38
 compilation: enabled

Compilation events (0 events):
No events

GC Heap History (0 events):
No events

Deoptimization events (0 events):
No events

Classes redefined (0 events):
No events

Internal exceptions (0 events):
No events

Events (10 events):
Event: 0.051 loading class java/lang/Short
Event: 0.051 loading class java/lang/Short done
Event: 0.051 loading class java/lang/Integer
Event: 0.052 loading class java/lang/Integer done
Event: 0.052 loading class java/lang/Long
Event: 0.052 loading class java/lang/Long done
Event: 0.053 loading class java/lang/NullPointerException
Event: 0.053 loading class java/lang/NullPointerException done
Event: 0.053 loading class java/lang/ArithmeticException
Event: 0.053 loading class java/lang/ArithmeticException done


Dynamic libraries:
0x00007ff7e2aa0000 - 0x00007ff7e2ad7000 	C:\Program Files\Java\jdk1.8.0_211\bin\javaw.exe
0x00007ff9363e0000 - 0x00007ff9365d0000 	C:\WINDOWS\SYSTEM32\ntdll.dll
0x00007ff936070000 - 0x00007ff936122000 	C:\WINDOWS\System32\KERNEL32.DLL
0x00007ff933a00000 - 0x00007ff933ca3000 	C:\WINDOWS\System32\KERNELBASE.dll
0x00007ff935010000 - 0x00007ff9350b3000 	C:\WINDOWS\System32\ADVAPI32.dll
0x00007ff934f70000 - 0x00007ff93500e000 	C:\WINDOWS\System32\msvcrt.dll
0x00007ff9361a0000 - 0x00007ff936237000 	C:\WINDOWS\System32\sechost.dll
0x00007ff9355e0000 - 0x00007ff935700000 	C:\WINDOWS\System32\RPCRT4.dll
0x00007ff935e20000 - 0x00007ff935fb3000 	C:\WINDOWS\System32\USER32.dll
0x00007ff9339d0000 - 0x00007ff9339f1000 	C:\WINDOWS\System32\win32u.dll
0x00007ff935700000 - 0x00007ff935726000 	C:\WINDOWS\System32\GDI32.dll
0x00007ff9337b0000 - 0x00007ff933944000 	C:\WINDOWS\System32\gdi32full.dll
0x00007ff933370000 - 0x00007ff93340e000 	C:\WINDOWS\System32\msvcp_win.dll
0x00007ff933560000 - 0x00007ff93365a000 	C:\WINDOWS\System32\ucrtbase.dll
0x00007ff926590000 - 0x00007ff926815000 	C:\WINDOWS\WinSxS\amd64_microsoft.windows.common-controls_6595b64144ccf1df_6.0.18362.356_none_e6c4af7d130f27cc\COMCTL32.dll
0x00007ff935230000 - 0x00007ff935566000 	C:\WINDOWS\System32\combase.dll
0x00007ff933950000 - 0x00007ff9339d0000 	C:\WINDOWS\System32\bcryptPrimitives.dll
0x00007ff936040000 - 0x00007ff93606e000 	C:\WINDOWS\System32\IMM32.DLL
0x0000000063c30000 - 0x0000000063d02000 	C:\Program Files\Java\jdk1.8.0_211\jre\bin\msvcr100.dll
0x0000000063d10000 - 0x00000000645b5000 	C:\Program Files\Java\jdk1.8.0_211\jre\bin\server\jvm.dll
0x00007ff9355d0000 - 0x00007ff9355d8000 	C:\WINDOWS\System32\PSAPI.DLL
0x00007ff929020000 - 0x00007ff929044000 	C:\WINDOWS\SYSTEM32\WINMM.dll
0x00007ff929850000 - 0x00007ff92985a000 	C:\WINDOWS\SYSTEM32\VERSION.dll
0x00007ff928f90000 - 0x00007ff928fbd000 	C:\WINDOWS\SYSTEM32\WINMMBASE.dll
0x00007ff933510000 - 0x00007ff93355a000 	C:\WINDOWS\System32\cfgmgr32.dll
0x00007ff922660000 - 0x00007ff922669000 	C:\WINDOWS\SYSTEM32\WSOCK32.dll
0x00007ff936130000 - 0x00007ff93619f000 	C:\WINDOWS\System32\ws2_32.DLL
0x00007ff92dc50000 - 0x00007ff92dc5f000 	C:\Program Files\Java\jdk1.8.0_211\jre\bin\verify.dll
0x00007ff927c60000 - 0x00007ff927c89000 	C:\Program Files\Java\jdk1.8.0_211\jre\bin\java.dll
0x00007ff927c90000 - 0x00007ff927cc5000 	C:\Program Files\Java\jdk1.8.0_211\jre\bin\jdwp.dll
0x00007ff92f030000 - 0x00007ff92f038000 	C:\Program Files\Java\jdk1.8.0_211\jre\bin\npt.dll
0x00007ff9245f0000 - 0x00007ff924613000 	C:\Program Files\Java\jdk1.8.0_211\jre\bin\instrument.dll
0x00007ff92d870000 - 0x00007ff92d886000 	C:\Program Files\Java\jdk1.8.0_211\jre\bin\zip.dll

VM Arguments:
jvm_args: -agentlib:jdwp=transport=dt_socket,suspend=y,address=localhost:58118 -javaagent:C:\Users\DELL-PC\eclipse\java-2019-06\eclipse\configuration\org.eclipse.osgi\226\0\.cp\lib\javaagent-shaded.jar -Dfile.encoding=Cp1258 
java_command: Challenge12.HeadsOrTailsGame
java_class_path (initial): C:\Users\DELL-PC\git\chapter8programmingchallenges-hoangld17\chapter8\bin;C:\Users\DELL-PC\eclipse\java-2019-06\eclipse\configuration\org.eclipse.osgi\226\0\.cp\lib\javaagent-shaded.jar
Launcher Type: SUN_STANDARD

Environment Variables:
PATH=C:\Program Files\Java\jdk1.8.0_211\jre\bin;C:/Program Files/Java/jdk1.8.0_211/jre/bin/server;C:/Program Files/Java/jdk1.8.0_211/jre/bin;C:/Program Files/Java/jdk1.8.0_211/jre/lib/amd64;C:\Program Files (x86)\Common Files\Oracle\Java\javapath;C:\Program Files (x86)\Intel\iCLS Client\;C:\ProgramData\Oracle\Java\javapath;C:\Program Files\Intel\iCLS Client\;C:\Windows\system32;C:\Windows;C:\Windows\System32\Wbem;C:\Windows\System32\WindowsPowerShell\v1.0\;C:\Program Files (x86)\NVIDIA Corporation\PhysX\Common;C:\WINDOWS\system32;C:\WINDOWS;C:\WINDOWS\System32\Wbem;C:\WINDOWS\System32\WindowsPowerShell\v1.0\;C:\Program Files (x86)\Intel\Intel(R) Management Engine Components\DAL;C:\Program Files\Intel\Intel(R) Management Engine Components\DAL;C:\Program Files (x86)\Intel\Intel(R) Management Engine Components\IPT;C:\Program Files\Intel\Intel(R) Management Engine Components\IPT;C:\WINDOWS\System32\OpenSSH\;C:\Program Files\Intel\WiFi\bin\;C:\Program Files\Common Files\Intel\WirelessCommon\;C:\Program Files\Microsoft SQL Server\110\Tools\Binn\;C:\Program Files (x86)\Microsoft SQL Server\110\Tools\Binn\;C:\Program Files\Microsoft SQL Server\110\DTS\Binn\;C:\Program Files (x86)\Microsoft SQL Server\110\Tools\Binn\ManagementStudio\;C:\Program Files (x86)\Microsoft Visual Studio 10.0\Common7\IDE\PrivateAssemblies\;C:\Program Files (x86)\Microsoft SQL Server\110\DTS\Binn\;C:\Users\DELL-PC\AppData\Local\Microsoft\WindowsApps;;C:\WINDOWS\System32;
USERNAME=DELL-PC
OS=Windows_NT
PROCESSOR_IDENTIFIER=Intel64 Family 6 Model 142 Stepping 9, GenuineIntel



---------------  S Y S T E M  ---------------

OS: Windows 10.0 , 64 bit Build 18362 (10.0.18362.329)

CPU:total 4 (initial active 4) (2 cores per cpu, 2 threads per core) family 6 model 142 stepping 9, cmov, cx8, fxsr, mmx, sse, sse2, sse3, ssse3, sse4.1, sse4.2, popcnt, avx, avx2, aes, clmul, erms, 3dnowpref, lzcnt, ht, tsc, tscinvbit, bmi1, bmi2, adx

Memory: 4k page, physical 4090340k(709308k free), swap 13964524k(6108k free)

vm_info: Java HotSpot(TM) 64-Bit Server VM (25.211-b12) for windows-amd64 JRE (1.8.0_211-b12), built on Apr  1 2019 20:53:26 by "java_re" with MS VC++ 10.0 (VS2010)

time: Sat Oct 05 17:40:32 2019
timezone: SE Asia Standard Time
elapsed time: 0 seconds (0d 0h 0m 0s)

